[debug] [2023-06-03T15:07:08.136Z] ----------------------------------------------------------------------
[debug] [2023-06-03T15:07:08.137Z] Command:       C:\Program Files\nodejs\node.exe C:\Users\Calvo\AppData\Roaming\npm\node_modules\firebase-tools\lib\bin\firebase.js init
[debug] [2023-06-03T15:07:08.137Z] CLI Version:   12.3.0
[debug] [2023-06-03T15:07:08.137Z] Platform:      win32
[debug] [2023-06-03T15:07:08.138Z] Node Version:  v18.16.0
[debug] [2023-06-03T15:07:08.138Z] Time:          Sat Jun 03 2023 09:07:08 GMT-0600 (hora estándar central)
[debug] [2023-06-03T15:07:08.138Z] ----------------------------------------------------------------------
[debug] 
[debug] [2023-06-03T15:07:08.187Z] > command requires scopes: ["email","openid","https://www.googleapis.com/auth/cloudplatformprojects.readonly","https://www.googleapis.com/auth/firebase","https://www.googleapis.com/auth/cloud-platform"]
[debug] [2023-06-03T15:07:08.187Z] > authorizing via signed-in user (luisadrianhdzsoto@gmail.com)
[info] 
     ######## #### ########  ######## ########     ###     ######  ########
     ##        ##  ##     ## ##       ##     ##  ##   ##  ##       ##
     ######    ##  ########  ######   ########  #########  ######  ######
     ##        ##  ##    ##  ##       ##     ## ##     ##       ## ##
     ##       #### ##     ## ######## ########  ##     ##  ######  ########

You're about to initialize a Firebase project in this directory:

  C:\Users\Calvo\Documents\Proyects\Game-Nation-X

Before we get started, keep in mind:

  * You are initializing within an existing Firebase project directory

[info] 
=== Project Setup
[info] 
[info] First, let's associate this project directory with a Firebase project.
[info] You can create multiple project aliases by running firebase use --add, 
[info] but for now we'll just set up a default project.
[info] 
[debug] [2023-06-03T15:07:12.787Z] Using project from CLI flag: game-nation-x
[debug] [2023-06-03T15:07:12.788Z] > refreshing access token with scopes: []
[debug] [2023-06-03T15:07:12.789Z] >>> [apiv2][query] POST https://www.googleapis.com/oauth2/v3/token [none]
[debug] [2023-06-03T15:07:12.789Z] >>> [apiv2][body] POST https://www.googleapis.com/oauth2/v3/token [omitted]
[debug] [2023-06-03T15:07:12.997Z] <<< [apiv2][status] POST https://www.googleapis.com/oauth2/v3/token 400
[debug] [2023-06-03T15:07:12.997Z] <<< [apiv2][body] POST https://www.googleapis.com/oauth2/v3/token [omitted]
[debug] [2023-06-03T15:07:12.998Z] >>> [apiv2][query] GET https://firebase.googleapis.com/v1beta1/projects/game-nation-x [none]
[debug] [2023-06-03T15:07:13.195Z] <<< [apiv2][status] GET https://firebase.googleapis.com/v1beta1/projects/game-nation-x 401
[debug] [2023-06-03T15:07:13.196Z] <<< [apiv2][body] GET https://firebase.googleapis.com/v1beta1/projects/game-nation-x {"error":{"code":401,"message":"Request had invalid authentication credentials. Expected OAuth 2 access token, login cookie or other valid authentication credential. See https://developers.google.com/identity/sign-in/web/devconsole-project.","status":"UNAUTHENTICATED"}}
[debug] [2023-06-03T15:07:13.197Z] HTTP Error: 401, Request had invalid authentication credentials. Expected OAuth 2 access token, login cookie or other valid authentication credential. See https://developers.google.com/identity/sign-in/web/devconsole-project.
[debug] [2023-06-03T15:07:13.199Z] FirebaseError: HTTP Error: 401, Request had invalid authentication credentials. Expected OAuth 2 access token, login cookie or other valid authentication credential. See https://developers.google.com/identity/sign-in/web/devconsole-project.
    at responseToError (C:\Users\Calvo\AppData\Roaming\npm\node_modules\firebase-tools\lib\responseToError.js:49:12)
    at RetryOperation._fn (C:\Users\Calvo\AppData\Roaming\npm\node_modules\firebase-tools\lib\apiv2.js:288:77)
    at process.processTicksAndRejections (node:internal/process/task_queues:95:5)
[error] 
[error] Error: Failed to get Firebase project game-nation-x. Please make sure the project exists and your account has permission to access it.
